<?xml version="1.0" encoding="UTF-8"?>
<testng-results skipped="1" failed="0" total="1" passed="0">
  <reporter-output>
  </reporter-output>
  <suite name="Default suite" duration-ms="1746" started-at="2014-09-20T05:42:37Z" finished-at="2014-09-20T05:42:39Z">
    <groups>
    </groups>
    <test name="Default test" duration-ms="1746" started-at="2014-09-20T05:42:37Z" finished-at="2014-09-20T05:42:39Z">
      <class name="per.jacobsLin.seed.NewTest">
        <test-method status="FAIL" signature="beforeClass()[pri:0, instance:per.jacobsLin.seed.NewTest@365ce20]" name="beforeClass" is-config="true" duration-ms="0" started-at="2014-09-20T13:42:37Z" finished-at="2014-09-20T13:42:37Z">
          <exception class="java.lang.RuntimeException">
            <message>
              <![CDATA[Cannot locate /com/thoughtworks/selenium/webdriven/getText.js]]>
            </message>
            <full-stacktrace>
              <![CDATA[java.lang.RuntimeException: Cannot locate /com/thoughtworks/selenium/webdriven/getText.js
	at com.thoughtworks.selenium.webdriven.JavascriptLibrary.readScriptImpl(JavascriptLibrary.java:107)
	at com.thoughtworks.selenium.webdriven.JavascriptLibrary.readScript(JavascriptLibrary.java:97)
	at com.thoughtworks.selenium.webdriven.JavascriptLibrary.getSeleniumScript(JavascriptLibrary.java:52)
	at com.thoughtworks.selenium.webdriven.CompoundMutator.<init>(CompoundMutator.java:74)
	at com.thoughtworks.selenium.webdriven.WebDriverCommandProcessor.<init>(WebDriverCommandProcessor.java:61)
	at com.thoughtworks.selenium.webdriven.WebDriverCommandProcessor.<init>(WebDriverCommandProcessor.java:49)
	at com.thoughtworks.selenium.webdriven.WebDriverBackedSelenium.<init>(WebDriverBackedSelenium.java:35)
	at per.jacobs.seed.driver.SeedFirefoxDriver.<init>(SeedFirefoxDriver.java:12)
	at per.jacobs.see.driverFactory.SeedDriverFactory.getDriver(SeedDriverFactory.java:43)
	at per.jacobs.seed.Fruit2.<init>(Fruit2.java:55)
	at per.jacobsLin.seed.NewTest.beforeClass(NewTest.java:14)
	at sun.reflect.NativeMethodAccessorImpl.invoke0(Native Method)
	at sun.reflect.NativeMethodAccessorImpl.invoke(NativeMethodAccessorImpl.java:57)
	at sun.reflect.DelegatingMethodAccessorImpl.invoke(DelegatingMethodAccessorImpl.java:43)
	at java.lang.reflect.Method.invoke(Method.java:606)
	at org.testng.internal.MethodInvocationHelper.invokeMethod(MethodInvocationHelper.java:84)
	at org.testng.internal.Invoker.invokeConfigurationMethod(Invoker.java:564)
	at org.testng.internal.Invoker.invokeConfigurations(Invoker.java:213)
	at org.testng.internal.Invoker.invokeConfigurations(Invoker.java:138)
	at org.testng.internal.TestMethodWorker.invokeBeforeClassMethods(TestMethodWorker.java:175)
	at org.testng.internal.TestMethodWorker.run(TestMethodWorker.java:107)
	at org.testng.TestRunner.privateRun(TestRunner.java:767)
	at org.testng.TestRunner.run(TestRunner.java:617)
	at org.testng.SuiteRunner.runTest(SuiteRunner.java:334)
	at org.testng.SuiteRunner.runSequentially(SuiteRunner.java:329)
	at org.testng.SuiteRunner.privateRun(SuiteRunner.java:291)
	at org.testng.SuiteRunner.run(SuiteRunner.java:240)
	at org.testng.SuiteRunnerWorker.runSuite(SuiteRunnerWorker.java:52)
	at org.testng.SuiteRunnerWorker.run(SuiteRunnerWorker.java:86)
	at org.testng.TestNG.runSuitesSequentially(TestNG.java:1224)
	at org.testng.TestNG.runSuitesLocally(TestNG.java:1149)
	at org.testng.TestNG.run(TestNG.java:1057)
	at org.testng.remote.RemoteTestNG.run(RemoteTestNG.java:111)
	at org.testng.remote.RemoteTestNG.initAndRun(RemoteTestNG.java:204)
	at org.testng.remote.RemoteTestNG.main(RemoteTestNG.java:175)
]]>
            </full-stacktrace>
          </exception> <!-- java.lang.RuntimeException -->
          <reporter-output>
          </reporter-output>
        </test-method> <!-- beforeClass -->
        <test-method status="SKIP" signature="f()[pri:0, instance:per.jacobsLin.seed.NewTest@365ce20]" name="f" duration-ms="3" started-at="2014-09-20T13:42:39Z" finished-at="2014-09-20T13:42:39Z">
          <reporter-output>
          </reporter-output>
        </test-method> <!-- f -->
      </class> <!-- per.jacobsLin.seed.NewTest -->
    </test> <!-- Default test -->
  </suite> <!-- Default suite -->
</testng-results>
